<!DOCTYPE html>

<html>
  <head>
  <meta charset='utf-8'>
  <title>TestNG reports</title>

    <link type="text/css" href="testng-reports1.css" rel="stylesheet" id="ultra" />
    <link type="text/css" href="testng-reports.css" rel="stylesheet" id="retro" disabled="false"/>
    <script type="text/javascript" src="jquery-3.6.0.min.js"></script>
    <script type="text/javascript" src="testng-reports.js"></script>
    <script type="text/javascript" src="https://www.google.com/jsapi"></script>
    <script type='text/javascript'>
      google.load('visualization', '1', {packages:['table']});
      google.setOnLoadCallback(drawTable);
      var suiteTableInitFunctions = new Array();
      var suiteTableData = new Array();
    </script>
    <!--
      <script type="text/javascript" src="jquery-ui/js/jquery-ui-1.8.16.custom.min.js"></script>
     -->
  </head>

  <body>    <div class="top-banner-root">
      <span class="top-banner-title-font">Test results</span>
      <button id="button" class="button">Switch Retro Theme</button> <!-- button -->
      <br/>
      <span class="top-banner-font-1">1 suite, 9 failed tests</span>
    </div> <!-- top-banner-root -->
    <div class="navigator-root">
      <div class="navigator-suite-header">
        <span>All suites</span>
        <a href="#" title="Collapse/expand all the suites" class="collapse-all-link">
          <img src="collapseall.gif" class="collapse-all-icon">
          </img> <!-- collapse-all-icon -->
        </a> <!-- collapse-all-link -->
      </div> <!-- navigator-suite-header -->
      <div class="suite">
        <div class="rounded-window">
          <div class="suite-header light-rounded-window-top">
            <a href="#" panel-name="suite-LT_TestNG" class="navigator-link">
              <span class="suite-name border-failed">LT_TestNG</span>
            </a> <!-- navigator-link -->
          </div> <!-- suite-header light-rounded-window-top -->
          <div class="navigator-suite-content">
            <div class="suite-section-title">
              <span>Info</span>
            </div> <!-- suite-section-title -->
            <div class="suite-section-content">
              <ul>
                <li>
                  <a href="#" panel-name="test-xml-LT_TestNG" class="navigator-link ">
                    <span>C:\Users\pandh\eclipse-workspace\LT_TestNG\testng.xml</span>
                  </a> <!-- navigator-link  -->
                </li>
                <li>
                  <a href="#" panel-name="testlist-LT_TestNG" class="navigator-link ">
                    <span class="test-stats">4 tests</span>
                  </a> <!-- navigator-link  -->
                </li>
                <li>
                  <a href="#" panel-name="group-LT_TestNG" class="navigator-link ">
                    <span>0 groups</span>
                  </a> <!-- navigator-link  -->
                </li>
                <li>
                  <a href="#" panel-name="times-LT_TestNG" class="navigator-link ">
                    <span>Times</span>
                  </a> <!-- navigator-link  -->
                </li>
                <li>
                  <a href="#" panel-name="reporter-LT_TestNG" class="navigator-link ">
                    <span>Reporter output</span>
                  </a> <!-- navigator-link  -->
                </li>
                <li>
                  <a href="#" panel-name="ignored-methods-LT_TestNG" class="navigator-link ">
                    <span>Ignored methods</span>
                  </a> <!-- navigator-link  -->
                </li>
                <li>
                  <a href="#" panel-name="chronological-LT_TestNG" class="navigator-link ">
                    <span>Chronological view</span>
                  </a> <!-- navigator-link  -->
                </li>
              </ul>
            </div> <!-- suite-section-content -->
            <div class="result-section">
              <div class="suite-section-title">
                <span>Results</span>
              </div> <!-- suite-section-title -->
              <div class="suite-section-content">
                <ul>
                  <li>
                    <span class="method-stats">12 methods, 9 failed,   3 passed</span>
                  </li>
                  <li>
                    <span class="method-list-title failed">Failed methods</span>
                    <span class="show-or-hide-methods failed">
                      <a href="#" panel-name="suite-LT_TestNG" class="hide-methods failed suite-LT_TestNG"> (hide)</a> <!-- hide-methods failed suite-LT_TestNG -->
                      <a href="#" panel-name="suite-LT_TestNG" class="show-methods failed suite-LT_TestNG"> (show)</a> <!-- show-methods failed suite-LT_TestNG -->
                    </span>
                    <div class="method-list-content failed suite-LT_TestNG">
                      <span>
                        <img src="failed.png" width="3%"/>
                        <a href="#" panel-name="suite-LT_TestNG" title="LambdaTest.LT_TestNG.window_10_Chrome_TNg" class="method navigator-link" hash-for-method="Scenario1">Scenario1</a> <!-- method navigator-link -->
                      </span>
                      <br/>
                      <span>
                        <img src="failed.png" width="3%"/>
                        <a href="#" panel-name="suite-LT_TestNG" title="LambdaTest.LT_TestNG.mac_Edge_TNg" class="method navigator-link" hash-for-method="Scenario1">Scenario1</a> <!-- method navigator-link -->
                      </span>
                      <br/>
                      <span>
                        <img src="failed.png" width="3%"/>
                        <a href="#" panel-name="suite-LT_TestNG" title="LambdaTest.LT_TestNG.window_10_FFox_TNg" class="method navigator-link" hash-for-method="Scenario1">Scenario1</a> <!-- method navigator-link -->
                      </span>
                      <br/>
                      <span>
                        <img src="failed.png" width="3%"/>
                        <a href="#" panel-name="suite-LT_TestNG" title="LambdaTest.LT_TestNG.windows_10_IE_TNg" class="method navigator-link" hash-for-method="Scenario1">Scenario1</a> <!-- method navigator-link -->
                      </span>
                      <br/>
                      <span>
                        <img src="failed.png" width="3%"/>
                        <a href="#" panel-name="suite-LT_TestNG" title="LambdaTest.LT_TestNG.window_10_Chrome_TNg" class="method navigator-link" hash-for-method="Scenario2">Scenario2</a> <!-- method navigator-link -->
                      </span>
                      <br/>
                      <span>
                        <img src="failed.png" width="3%"/>
                        <a href="#" panel-name="suite-LT_TestNG" title="LambdaTest.LT_TestNG.mac_Edge_TNg" class="method navigator-link" hash-for-method="Scenario2">Scenario2</a> <!-- method navigator-link -->
                      </span>
                      <br/>
                      <span>
                        <img src="failed.png" width="3%"/>
                        <a href="#" panel-name="suite-LT_TestNG" title="LambdaTest.LT_TestNG.window_10_FFox_TNg" class="method navigator-link" hash-for-method="Scenario2">Scenario2</a> <!-- method navigator-link -->
                      </span>
                      <br/>
                      <span>
                        <img src="failed.png" width="3%"/>
                        <a href="#" panel-name="suite-LT_TestNG" title="LambdaTest.LT_TestNG.windows_10_IE_TNg" class="method navigator-link" hash-for-method="Scenario2">Scenario2</a> <!-- method navigator-link -->
                      </span>
                      <br/>
                      <span>
                        <img src="failed.png" width="3%"/>
                        <a href="#" panel-name="suite-LT_TestNG" title="LambdaTest.LT_TestNG.windows_10_IE_TNg" class="method navigator-link" hash-for-method="Scenario3">Scenario3</a> <!-- method navigator-link -->
                      </span>
                      <br/>
                    </div> <!-- method-list-content failed suite-LT_TestNG -->
                  </li>
                  <li>
                    <span class="method-list-title passed">Passed methods</span>
                    <span class="show-or-hide-methods passed">
                      <a href="#" panel-name="suite-LT_TestNG" class="hide-methods passed suite-LT_TestNG"> (hide)</a> <!-- hide-methods passed suite-LT_TestNG -->
                      <a href="#" panel-name="suite-LT_TestNG" class="show-methods passed suite-LT_TestNG"> (show)</a> <!-- show-methods passed suite-LT_TestNG -->
                    </span>
                    <div class="method-list-content passed suite-LT_TestNG">
                      <span>
                        <img src="passed.png" width="3%"/>
                        <a href="#" panel-name="suite-LT_TestNG" title="LambdaTest.LT_TestNG.window_10_Chrome_TNg" class="method navigator-link" hash-for-method="Scenario3">Scenario3</a> <!-- method navigator-link -->
                      </span>
                      <br/>
                      <span>
                        <img src="passed.png" width="3%"/>
                        <a href="#" panel-name="suite-LT_TestNG" title="LambdaTest.LT_TestNG.mac_Edge_TNg" class="method navigator-link" hash-for-method="Scenario3">Scenario3</a> <!-- method navigator-link -->
                      </span>
                      <br/>
                      <span>
                        <img src="passed.png" width="3%"/>
                        <a href="#" panel-name="suite-LT_TestNG" title="LambdaTest.LT_TestNG.window_10_FFox_TNg" class="method navigator-link" hash-for-method="Scenario3">Scenario3</a> <!-- method navigator-link -->
                      </span>
                      <br/>
                    </div> <!-- method-list-content passed suite-LT_TestNG -->
                  </li>
                </ul>
              </div> <!-- suite-section-content -->
            </div> <!-- result-section -->
          </div> <!-- navigator-suite-content -->
        </div> <!-- rounded-window -->
      </div> <!-- suite -->
    </div> <!-- navigator-root -->
    <div class="wrapper">
      <div class="main-panel-root">
        <div panel-name="suite-LT_TestNG" class="panel LT_TestNG">
          <div class="suite-LT_TestNG-class-failed">
            <div class="main-panel-header rounded-window-top">
              <img src="failed.png"/>
              <span class="class-name">LambdaTest.LT_TestNG.windows_10_IE_TNg</span>
            </div> <!-- main-panel-header rounded-window-top -->
            <div class="main-panel-content rounded-window-bottom">
              <div class="method">
                <div class="method-content">
                  <a name="Scenario1">
                  </a> <!-- Scenario1 -->
                  <span class="method-name">Scenario1</span>
                  <div class="stack-trace">java.lang.AssertionError: The following asserts failed:
	Page Title is not as expected! expected [LambdaTest] but found [Selenium Grid Online | Run Selenium Test On Cloud]
	at LambdaTest.LT_TestNG.windows_10_IE_TNg.Scenario1(windows_10_IE_TNg.java:71)
	at java.base/java.util.concurrent.FutureTask.run(FutureTask.java:317)
	at java.base/java.util.concurrent.ThreadPoolExecutor.runWorker(ThreadPoolExecutor.java:1144)
	at java.base/java.util.concurrent.ThreadPoolExecutor$Worker.run(ThreadPoolExecutor.java:642)
	at java.base/java.lang.Thread.run(Thread.java:1583)
... Removed 8 stack frames
</div> <!-- stack-trace -->
                </div> <!-- method-content -->
              </div> <!-- method -->
              <div class="method">
                <div class="method-content">
                  <a name="Scenario2">
                  </a> <!-- Scenario2 -->
                  <span class="method-name">Scenario2</span>
                  <div class="stack-trace">org.openqa.selenium.NoSuchElementException: Unable to find element with css selector == #isAgeSelected
For documentation on this error, please visit: https://www.selenium.dev/documentation/webdriver/troubleshooting/errors#no-such-element-exception
Build info: version: &apos;4.27.0&apos;, revision: &apos;d6e718d134&apos;
System info: os.name: &apos;Windows 11&apos;, os.arch: &apos;amd64&apos;, os.version: &apos;10.0&apos;, java.version: &apos;21.0.1&apos;
Driver info: org.openqa.selenium.remote.RemoteWebDriver
Command: [7045d3f7-7052-407b-84dc-036cb79b0405, findElement {using=id, value=isAgeSelected}]
Capabilities {acceptInsecureCerts: false, browserName: internet explorer, browserVersion: 11, pageLoadStrategy: normal, platformName: windows, proxy: Proxy(), se:ieOptions: {browserAttachTimeout: 0, elementScrollBehavior: 0, enablePersistentHover: true, ie.browserCommandLineSwitches: , ie.ensureCleanSession: false, ie.fileUploadDialogTimeout: 3000, ie.forceCreateProcessApi: false, ignoreProtectedModeSettings: false, ignoreZoomSetting: false, initialBrowserUrl: http://localhost:41000/, nativeEvents: true, requireWindowFocus: false}, setWindowRect: true, timeouts: {implicit: 0, pageLoad: 300000, script: 30000}, webdriver.remote.sessionid: 7045d3f7-7052-407b-84dc-036...}
Session ID: 7045d3f7-7052-407b-84dc-036cb79b0405
	at org.openqa.selenium.remote.ErrorCodec.decode(ErrorCodec.java:167)
	at org.openqa.selenium.remote.codec.w3c.W3CHttpResponseCodec.decode(W3CHttpResponseCodec.java:138)
	at org.openqa.selenium.remote.codec.w3c.W3CHttpResponseCodec.decode(W3CHttpResponseCodec.java:50)
	at org.openqa.selenium.remote.HttpCommandExecutor.execute(HttpCommandExecutor.java:190)
	at org.openqa.selenium.remote.TracedCommandExecutor.execute(TracedCommandExecutor.java:53)
	at org.openqa.selenium.remote.RemoteWebDriver.execute(RemoteWebDriver.java:545)
	at org.openqa.selenium.remote.ElementLocation$ElementFinder$2.findElement(ElementLocation.java:165)
	at org.openqa.selenium.remote.ElementLocation.findElement(ElementLocation.java:66)
	at org.openqa.selenium.remote.RemoteWebDriver.findElement(RemoteWebDriver.java:368)
	at org.openqa.selenium.remote.RemoteWebDriver.findElement(RemoteWebDriver.java:362)
	at LambdaTest.LT_TestNG.windows_10_IE_TNg.Scenario2(windows_10_IE_TNg.java:81)
	at java.base/java.util.concurrent.FutureTask.run(FutureTask.java:317)
	at java.base/java.util.concurrent.ThreadPoolExecutor.runWorker(ThreadPoolExecutor.java:1144)
	at java.base/java.util.concurrent.ThreadPoolExecutor$Worker.run(ThreadPoolExecutor.java:642)
	at java.base/java.lang.Thread.run(Thread.java:1583)
... Removed 9 stack frames
</div> <!-- stack-trace -->
                </div> <!-- method-content -->
              </div> <!-- method -->
              <div class="method">
                <div class="method-content">
                  <a name="Scenario3">
                  </a> <!-- Scenario3 -->
                  <span class="method-name">Scenario3</span>
                  <div class="stack-trace">org.openqa.selenium.NoAlertPresentException: No alert is active
Build info: version: &apos;4.27.0&apos;, revision: &apos;d6e718d134&apos;
System info: os.name: &apos;Windows 11&apos;, os.arch: &apos;amd64&apos;, os.version: &apos;10.0&apos;, java.version: &apos;21.0.1&apos;
Driver info: org.openqa.selenium.remote.RemoteWebDriver
Command: [a482ca69-e031-43f1-9939-f7823ead0ec4, getAlertText {}]
Capabilities {acceptInsecureCerts: false, browserName: internet explorer, browserVersion: 11, pageLoadStrategy: normal, platformName: windows, proxy: Proxy(), se:ieOptions: {browserAttachTimeout: 0, elementScrollBehavior: 0, enablePersistentHover: true, ie.browserCommandLineSwitches: , ie.ensureCleanSession: false, ie.fileUploadDialogTimeout: 3000, ie.forceCreateProcessApi: false, ignoreProtectedModeSettings: false, ignoreZoomSetting: false, initialBrowserUrl: http://localhost:41000/, nativeEvents: true, requireWindowFocus: false}, setWindowRect: true, timeouts: {implicit: 0, pageLoad: 300000, script: 30000}, webdriver.remote.sessionid: a482ca69-e031-43f1-9939-f78...}
Session ID: a482ca69-e031-43f1-9939-f7823ead0ec4
	at org.openqa.selenium.remote.ErrorCodec.decode(ErrorCodec.java:167)
	at org.openqa.selenium.remote.codec.w3c.W3CHttpResponseCodec.decode(W3CHttpResponseCodec.java:138)
	at org.openqa.selenium.remote.codec.w3c.W3CHttpResponseCodec.decode(W3CHttpResponseCodec.java:50)
	at org.openqa.selenium.remote.HttpCommandExecutor.execute(HttpCommandExecutor.java:190)
	at org.openqa.selenium.remote.TracedCommandExecutor.execute(TracedCommandExecutor.java:53)
	at org.openqa.selenium.remote.RemoteWebDriver.execute(RemoteWebDriver.java:545)
	at org.openqa.selenium.remote.RemoteWebDriver.execute(RemoteWebDriver.java:618)
	at org.openqa.selenium.remote.RemoteWebDriver.execute(RemoteWebDriver.java:622)
	at org.openqa.selenium.remote.RemoteWebDriver$RemoteTargetLocator.alert(RemoteWebDriver.java:1194)
	at LambdaTest.LT_TestNG.windows_10_IE_TNg.Scenario3(windows_10_IE_TNg.java:96)
	at java.base/java.util.concurrent.FutureTask.run(FutureTask.java:317)
	at java.base/java.util.concurrent.ThreadPoolExecutor.runWorker(ThreadPoolExecutor.java:1144)
	at java.base/java.util.concurrent.ThreadPoolExecutor$Worker.run(ThreadPoolExecutor.java:642)
	at java.base/java.lang.Thread.run(Thread.java:1583)
... Removed 9 stack frames
</div> <!-- stack-trace -->
                </div> <!-- method-content -->
              </div> <!-- method -->
            </div> <!-- main-panel-content rounded-window-bottom -->
          </div> <!-- suite-LT_TestNG-class-failed -->
          <div class="suite-LT_TestNG-class-failed">
            <div class="main-panel-header rounded-window-top">
              <img src="failed.png"/>
              <span class="class-name">LambdaTest.LT_TestNG.mac_Edge_TNg</span>
            </div> <!-- main-panel-header rounded-window-top -->
            <div class="main-panel-content rounded-window-bottom">
              <div class="method">
                <div class="method-content">
                  <a name="Scenario1">
                  </a> <!-- Scenario1 -->
                  <span class="method-name">Scenario1</span>
                  <div class="stack-trace">java.lang.AssertionError: The following asserts failed:
	Page Title is not as expected! expected [LambdaTest] but found [Selenium Grid Online | Run Selenium Test On Cloud]
	at LambdaTest.LT_TestNG.mac_Edge_TNg.Scenario1(mac_Edge_TNg.java:74)
	at java.base/java.util.concurrent.FutureTask.run(FutureTask.java:317)
	at java.base/java.util.concurrent.ThreadPoolExecutor.runWorker(ThreadPoolExecutor.java:1144)
	at java.base/java.util.concurrent.ThreadPoolExecutor$Worker.run(ThreadPoolExecutor.java:642)
	at java.base/java.lang.Thread.run(Thread.java:1583)
... Removed 8 stack frames
</div> <!-- stack-trace -->
                </div> <!-- method-content -->
              </div> <!-- method -->
              <div class="method">
                <div class="method-content">
                  <a name="Scenario2">
                  </a> <!-- Scenario2 -->
                  <span class="method-name">Scenario2</span>
                  <div class="stack-trace">org.openqa.selenium.NoSuchElementException: no such element: Unable to locate element: {&quot;method&quot;:&quot;css selector&quot;,&quot;selector&quot;:&quot;#isAgeSelected&quot;}
  (Session info: MicrosoftEdge=127.0.2651.74)
For documentation on this error, please visit: https://www.selenium.dev/documentation/webdriver/troubleshooting/errors#no-such-element-exception
Build info: version: &apos;4.27.0&apos;, revision: &apos;d6e718d134&apos;
System info: os.name: &apos;Windows 11&apos;, os.arch: &apos;amd64&apos;, os.version: &apos;10.0&apos;, java.version: &apos;21.0.1&apos;
Driver info: org.openqa.selenium.remote.RemoteWebDriver
Command: [9abfa61deb1cc1e6ca6fcb1c3b8ccfc7, findElement {using=id, value=isAgeSelected}]
Capabilities {acceptInsecureCerts: false, browserName: MicrosoftEdge, browserVersion: 127.0.2651.74, fedcm:accounts: true, ms:edgeOptions: {debuggerAddress: localhost:49574}, msedge: {msedgedriverVersion: 127.0.2651.74 (dbf5b0aa014c..., userDataDir: /var/folders/k9/8klndb996n3...}, networkConnectionEnabled: false, pageLoadStrategy: normal, platformName: mac, proxy: Proxy(), setWindowRect: true, strictFileInteractability: false, timeouts: {implicit: 0, pageLoad: 300000, script: 30000}, unhandledPromptBehavior: dismiss and notify, webauthn:extension:credBlob: true, webauthn:extension:largeBlob: true, webauthn:extension:minPinLength: true, webauthn:extension:prf: true, webauthn:virtualAuthenticators: true}
Session ID: 9abfa61deb1cc1e6ca6fcb1c3b8ccfc7
	at org.openqa.selenium.remote.ErrorCodec.decode(ErrorCodec.java:167)
	at org.openqa.selenium.remote.codec.w3c.W3CHttpResponseCodec.decode(W3CHttpResponseCodec.java:138)
	at org.openqa.selenium.remote.codec.w3c.W3CHttpResponseCodec.decode(W3CHttpResponseCodec.java:50)
	at org.openqa.selenium.remote.HttpCommandExecutor.execute(HttpCommandExecutor.java:190)
	at org.openqa.selenium.remote.TracedCommandExecutor.execute(TracedCommandExecutor.java:53)
	at org.openqa.selenium.remote.RemoteWebDriver.execute(RemoteWebDriver.java:545)
	at org.openqa.selenium.remote.ElementLocation$ElementFinder$2.findElement(ElementLocation.java:165)
	at org.openqa.selenium.remote.ElementLocation.findElement(ElementLocation.java:66)
	at org.openqa.selenium.remote.RemoteWebDriver.findElement(RemoteWebDriver.java:368)
	at org.openqa.selenium.remote.RemoteWebDriver.findElement(RemoteWebDriver.java:362)
	at LambdaTest.LT_TestNG.mac_Edge_TNg.Scenario2(mac_Edge_TNg.java:84)
	at java.base/java.util.concurrent.FutureTask.run(FutureTask.java:317)
	at java.base/java.util.concurrent.ThreadPoolExecutor.runWorker(ThreadPoolExecutor.java:1144)
	at java.base/java.util.concurrent.ThreadPoolExecutor$Worker.run(ThreadPoolExecutor.java:642)
	at java.base/java.lang.Thread.run(Thread.java:1583)
... Removed 9 stack frames
</div> <!-- stack-trace -->
                </div> <!-- method-content -->
              </div> <!-- method -->
            </div> <!-- main-panel-content rounded-window-bottom -->
          </div> <!-- suite-LT_TestNG-class-failed -->
          <div class="suite-LT_TestNG-class-failed">
            <div class="main-panel-header rounded-window-top">
              <img src="failed.png"/>
              <span class="class-name">LambdaTest.LT_TestNG.window_10_FFox_TNg</span>
            </div> <!-- main-panel-header rounded-window-top -->
            <div class="main-panel-content rounded-window-bottom">
              <div class="method">
                <div class="method-content">
                  <a name="Scenario1">
                  </a> <!-- Scenario1 -->
                  <span class="method-name">Scenario1</span>
                  <div class="stack-trace">java.lang.AssertionError: The following asserts failed:
	Page Title is not as expected! expected [LambdaTest] but found [Selenium Grid Online | Run Selenium Test On Cloud]
	at LambdaTest.LT_TestNG.window_10_FFox_TNg.Scenario1(window_10_FFox_TNg.java:74)
	at java.base/java.util.concurrent.FutureTask.run(FutureTask.java:317)
	at java.base/java.util.concurrent.ThreadPoolExecutor.runWorker(ThreadPoolExecutor.java:1144)
	at java.base/java.util.concurrent.ThreadPoolExecutor$Worker.run(ThreadPoolExecutor.java:642)
	at java.base/java.lang.Thread.run(Thread.java:1583)
... Removed 8 stack frames
</div> <!-- stack-trace -->
                </div> <!-- method-content -->
              </div> <!-- method -->
              <div class="method">
                <div class="method-content">
                  <a name="Scenario2">
                  </a> <!-- Scenario2 -->
                  <span class="method-name">Scenario2</span>
                  <div class="stack-trace">org.openqa.selenium.NoSuchElementException: Unable to locate element: #isAgeSelected
For documentation on this error, please visit: https://www.selenium.dev/documentation/webdriver/troubleshooting/errors#no-such-element-exception
Build info: version: &apos;4.27.0&apos;, revision: &apos;d6e718d134&apos;
System info: os.name: &apos;Windows 11&apos;, os.arch: &apos;amd64&apos;, os.version: &apos;10.0&apos;, java.version: &apos;21.0.1&apos;
Driver info: org.openqa.selenium.remote.RemoteWebDriver
Command: [18987df2-c40f-49af-aed1-31bacf88a239, findElement {using=id, value=isAgeSelected}]
Capabilities {acceptInsecureCerts: true, browserName: firefox, browserVersion: 130.0.1, moz:accessibilityChecks: false, moz:buildID: 20240913135723, moz:geckodriverVersion: 0.35.0, moz:headless: false, moz:platformVersion: 10.0, moz:processID: 6200, moz:profile: C:\Users\ltuser\AppData\Loc..., moz:shutdownTimeout: 60000, moz:webdriverClick: true, moz:windowless: false, pageLoadStrategy: normal, platformName: windows, proxy: Proxy(), setWindowRect: true, strictFileInteractability: false, timeouts: {implicit: 0, pageLoad: 300000, script: 30000}, unhandledPromptBehavior: dismiss and notify, userAgent: Mozilla/5.0 (Windows NT 10....}
Session ID: 18987df2-c40f-49af-aed1-31bacf88a239
	at org.openqa.selenium.remote.ErrorCodec.decode(ErrorCodec.java:167)
	at org.openqa.selenium.remote.codec.w3c.W3CHttpResponseCodec.decode(W3CHttpResponseCodec.java:138)
	at org.openqa.selenium.remote.codec.w3c.W3CHttpResponseCodec.decode(W3CHttpResponseCodec.java:50)
	at org.openqa.selenium.remote.HttpCommandExecutor.execute(HttpCommandExecutor.java:190)
	at org.openqa.selenium.remote.TracedCommandExecutor.execute(TracedCommandExecutor.java:53)
	at org.openqa.selenium.remote.RemoteWebDriver.execute(RemoteWebDriver.java:545)
	at org.openqa.selenium.remote.ElementLocation$ElementFinder$2.findElement(ElementLocation.java:165)
	at org.openqa.selenium.remote.ElementLocation.findElement(ElementLocation.java:66)
	at org.openqa.selenium.remote.RemoteWebDriver.findElement(RemoteWebDriver.java:368)
	at org.openqa.selenium.remote.RemoteWebDriver.findElement(RemoteWebDriver.java:362)
	at LambdaTest.LT_TestNG.window_10_FFox_TNg.Scenario2(window_10_FFox_TNg.java:84)
	at java.base/java.util.concurrent.FutureTask.run(FutureTask.java:317)
	at java.base/java.util.concurrent.ThreadPoolExecutor.runWorker(ThreadPoolExecutor.java:1144)
	at java.base/java.util.concurrent.ThreadPoolExecutor$Worker.run(ThreadPoolExecutor.java:642)
	at java.base/java.lang.Thread.run(Thread.java:1583)
... Removed 9 stack frames
</div> <!-- stack-trace -->
                </div> <!-- method-content -->
              </div> <!-- method -->
            </div> <!-- main-panel-content rounded-window-bottom -->
          </div> <!-- suite-LT_TestNG-class-failed -->
          <div class="suite-LT_TestNG-class-failed">
            <div class="main-panel-header rounded-window-top">
              <img src="failed.png"/>
              <span class="class-name">LambdaTest.LT_TestNG.window_10_Chrome_TNg</span>
            </div> <!-- main-panel-header rounded-window-top -->
            <div class="main-panel-content rounded-window-bottom">
              <div class="method">
                <div class="method-content">
                  <a name="Scenario1">
                  </a> <!-- Scenario1 -->
                  <span class="method-name">Scenario1</span>
                  <div class="stack-trace">java.lang.AssertionError: The following asserts failed:
	Page Title is not as expected! expected [LambdaTest] but found [Selenium Grid Online | Run Selenium Test On Cloud]
	at LambdaTest.LT_TestNG.window_10_Chrome_TNg.Scenario1(window_10_Chrome_TNg.java:77)
	at java.base/java.util.concurrent.FutureTask.run(FutureTask.java:317)
	at java.base/java.util.concurrent.ThreadPoolExecutor.runWorker(ThreadPoolExecutor.java:1144)
	at java.base/java.util.concurrent.ThreadPoolExecutor$Worker.run(ThreadPoolExecutor.java:642)
	at java.base/java.lang.Thread.run(Thread.java:1583)
... Removed 8 stack frames
</div> <!-- stack-trace -->
                </div> <!-- method-content -->
              </div> <!-- method -->
              <div class="method">
                <div class="method-content">
                  <a name="Scenario2">
                  </a> <!-- Scenario2 -->
                  <span class="method-name">Scenario2</span>
                  <div class="stack-trace">org.openqa.selenium.NoSuchElementException: no such element: Unable to locate element: {&quot;method&quot;:&quot;css selector&quot;,&quot;selector&quot;:&quot;#isAgeSelected&quot;}
  (Session info: chrome=128.0.6613.85)
For documentation on this error, please visit: https://www.selenium.dev/documentation/webdriver/troubleshooting/errors#no-such-element-exception
Build info: version: &apos;4.27.0&apos;, revision: &apos;d6e718d134&apos;
System info: os.name: &apos;Windows 11&apos;, os.arch: &apos;amd64&apos;, os.version: &apos;10.0&apos;, java.version: &apos;21.0.1&apos;
Driver info: org.openqa.selenium.remote.RemoteWebDriver
Command: [b9b9b9af31d888533ebdc384da64010b, findElement {using=id, value=isAgeSelected}]
Capabilities {acceptInsecureCerts: false, browserName: chrome, browserVersion: 128.0.6613.85, chrome: {chromedriverVersion: 128.0.6613.137 (fe621c5aa2d..., userDataDir: C:\Program Files (x86)\scop...}, fedcm:accounts: true, goog:chromeOptions: {debuggerAddress: localhost:9225}, networkConnectionEnabled: false, pageLoadStrategy: normal, platformName: windows, proxy: Proxy(), setWindowRect: true, strictFileInteractability: false, timeouts: {implicit: 0, pageLoad: 300000, script: 30000}, unhandledPromptBehavior: dismiss and notify, webauthn:extension:credBlob: true, webauthn:extension:largeBlob: true, webauthn:extension:minPinLength: true, webauthn:extension:prf: true, webauthn:virtualAuthenticators: true}
Session ID: b9b9b9af31d888533ebdc384da64010b
	at org.openqa.selenium.remote.ErrorCodec.decode(ErrorCodec.java:167)
	at org.openqa.selenium.remote.codec.w3c.W3CHttpResponseCodec.decode(W3CHttpResponseCodec.java:138)
	at org.openqa.selenium.remote.codec.w3c.W3CHttpResponseCodec.decode(W3CHttpResponseCodec.java:50)
	at org.openqa.selenium.remote.HttpCommandExecutor.execute(HttpCommandExecutor.java:190)
	at org.openqa.selenium.remote.TracedCommandExecutor.execute(TracedCommandExecutor.java:53)
	at org.openqa.selenium.remote.RemoteWebDriver.execute(RemoteWebDriver.java:545)
	at org.openqa.selenium.remote.ElementLocation$ElementFinder$2.findElement(ElementLocation.java:165)
	at org.openqa.selenium.remote.ElementLocation.findElement(ElementLocation.java:66)
	at org.openqa.selenium.remote.RemoteWebDriver.findElement(RemoteWebDriver.java:368)
	at org.openqa.selenium.remote.RemoteWebDriver.findElement(RemoteWebDriver.java:362)
	at LambdaTest.LT_TestNG.window_10_Chrome_TNg.Scenario2(window_10_Chrome_TNg.java:87)
	at java.base/java.util.concurrent.FutureTask.run(FutureTask.java:317)
	at java.base/java.util.concurrent.ThreadPoolExecutor.runWorker(ThreadPoolExecutor.java:1144)
	at java.base/java.util.concurrent.ThreadPoolExecutor$Worker.run(ThreadPoolExecutor.java:642)
	at java.base/java.lang.Thread.run(Thread.java:1583)
... Removed 9 stack frames
</div> <!-- stack-trace -->
                </div> <!-- method-content -->
              </div> <!-- method -->
            </div> <!-- main-panel-content rounded-window-bottom -->
          </div> <!-- suite-LT_TestNG-class-failed -->
          <div class="suite-LT_TestNG-class-passed">
            <div class="main-panel-header rounded-window-top">
              <img src="passed.png"/>
              <span class="class-name">LambdaTest.LT_TestNG.mac_Edge_TNg</span>
            </div> <!-- main-panel-header rounded-window-top -->
            <div class="main-panel-content rounded-window-bottom">
              <div class="method">
                <div class="method-content">
                  <a name="Scenario3">
                  </a> <!-- Scenario3 -->
                  <span class="method-name">Scenario3</span>
                </div> <!-- method-content -->
              </div> <!-- method -->
            </div> <!-- main-panel-content rounded-window-bottom -->
          </div> <!-- suite-LT_TestNG-class-passed -->
          <div class="suite-LT_TestNG-class-passed">
            <div class="main-panel-header rounded-window-top">
              <img src="passed.png"/>
              <span class="class-name">LambdaTest.LT_TestNG.window_10_FFox_TNg</span>
            </div> <!-- main-panel-header rounded-window-top -->
            <div class="main-panel-content rounded-window-bottom">
              <div class="method">
                <div class="method-content">
                  <a name="Scenario3">
                  </a> <!-- Scenario3 -->
                  <span class="method-name">Scenario3</span>
                </div> <!-- method-content -->
              </div> <!-- method -->
            </div> <!-- main-panel-content rounded-window-bottom -->
          </div> <!-- suite-LT_TestNG-class-passed -->
          <div class="suite-LT_TestNG-class-passed">
            <div class="main-panel-header rounded-window-top">
              <img src="passed.png"/>
              <span class="class-name">LambdaTest.LT_TestNG.window_10_Chrome_TNg</span>
            </div> <!-- main-panel-header rounded-window-top -->
            <div class="main-panel-content rounded-window-bottom">
              <div class="method">
                <div class="method-content">
                  <a name="Scenario3">
                  </a> <!-- Scenario3 -->
                  <span class="method-name">Scenario3</span>
                </div> <!-- method-content -->
              </div> <!-- method -->
            </div> <!-- main-panel-content rounded-window-bottom -->
          </div> <!-- suite-LT_TestNG-class-passed -->
        </div> <!-- panel LT_TestNG -->
        <div panel-name="test-xml-LT_TestNG" class="panel">
          <div class="main-panel-header rounded-window-top">
            <span class="header-content">C:\Users\pandh\eclipse-workspace\LT_TestNG\testng.xml</span>
          </div> <!-- main-panel-header rounded-window-top -->
          <div class="main-panel-content rounded-window-bottom">
            <pre>
&lt;?xml version=&quot;1.0&quot; encoding=&quot;UTF-8&quot;?&gt;
&lt;!DOCTYPE suite SYSTEM &quot;https://testng.org/testng-1.0.dtd&quot;&gt;
&lt;suite configfailurepolicy=&quot;continue&quot; parallel=&quot;tests&quot; name=&quot;LT_TestNG&quot; guice-stage=&quot;DEVELOPMENT&quot;&gt;
  &lt;test thread-count=&quot;3&quot; parallel=&quot;tests&quot; name=&quot;Chrome on Windows 10&quot;&gt;
    &lt;parameter name=&quot;browserVersion&quot; value=&quot;128.0&quot;/&gt;
    &lt;parameter name=&quot;access_key&quot; value=&quot;LT_O2OjcCAXtn89PMHftECoQ0iQhG8Fd5Xaf5ZsZ0rVywVChTk&quot;/&gt;
    &lt;parameter name=&quot;platform&quot; value=&quot;Windows 10&quot;/&gt;
    &lt;parameter name=&quot;username&quot; value=&quot;rushikute955&quot;/&gt;
    &lt;classes&gt;
      &lt;class name=&quot;LambdaTest.LT_TestNG.window_10_Chrome_TNg&quot;/&gt;
    &lt;/classes&gt;
  &lt;/test&gt; &lt;!-- Chrome on Windows 10 --&gt;
  &lt;test thread-count=&quot;3&quot; parallel=&quot;tests&quot; name=&quot;Edge on macOS Ventura&quot;&gt;
    &lt;parameter name=&quot;browserVersion&quot; value=&quot;127.0&quot;/&gt;
    &lt;parameter name=&quot;access_key&quot; value=&quot;LT_O2OjcCAXtn89PMHftECoQ0iQhG8Fd5Xaf5ZsZ0rVywVChTk&quot;/&gt;
    &lt;parameter name=&quot;platform&quot; value=&quot;macOS Ventura&quot;/&gt;
    &lt;parameter name=&quot;username&quot; value=&quot;rushikute955&quot;/&gt;
    &lt;classes&gt;
      &lt;class name=&quot;LambdaTest.LT_TestNG.mac_Edge_TNg&quot;/&gt;
    &lt;/classes&gt;
  &lt;/test&gt; &lt;!-- Edge on macOS Ventura --&gt;
  &lt;test thread-count=&quot;3&quot; parallel=&quot;tests&quot; name=&quot;Internet Explorer on Windows 10&quot;&gt;
    &lt;parameter name=&quot;browserVersion&quot; value=&quot;11&quot;/&gt;
    &lt;parameter name=&quot;access_key&quot; value=&quot;LT_O2OjcCAXtn89PMHftECoQ0iQhG8Fd5Xaf5ZsZ0rVywVChTk&quot;/&gt;
    &lt;parameter name=&quot;platform&quot; value=&quot;Windows 10&quot;/&gt;
    &lt;parameter name=&quot;username&quot; value=&quot;rushikute955&quot;/&gt;
    &lt;classes&gt;
      &lt;class name=&quot;LambdaTest.LT_TestNG.windows_10_IE_TNg&quot;/&gt;
    &lt;/classes&gt;
  &lt;/test&gt; &lt;!-- Internet Explorer on Windows 10 --&gt;
  &lt;test thread-count=&quot;3&quot; parallel=&quot;tests&quot; name=&quot;Firefox on Windows 11&quot;&gt;
    &lt;parameter name=&quot;browserVersion&quot; value=&quot;130&quot;/&gt;
    &lt;parameter name=&quot;access_key&quot; value=&quot;LT_O2OjcCAXtn89PMHftECoQ0iQhG8Fd5Xaf5ZsZ0rVywVChTk&quot;/&gt;
    &lt;parameter name=&quot;platform&quot; value=&quot;Windows 11&quot;/&gt;
    &lt;parameter name=&quot;username&quot; value=&quot;rushikute955&quot;/&gt;
    &lt;classes&gt;
      &lt;class name=&quot;LambdaTest.LT_TestNG.window_10_FFox_TNg&quot;/&gt;
    &lt;/classes&gt;
  &lt;/test&gt; &lt;!-- Firefox on Windows 11 --&gt;
&lt;/suite&gt; &lt;!-- LT_TestNG --&gt;
            </pre>
          </div> <!-- main-panel-content rounded-window-bottom -->
        </div> <!-- panel -->
        <div panel-name="testlist-LT_TestNG" class="panel">
          <div class="main-panel-header rounded-window-top">
            <span class="header-content">Tests for LT_TestNG</span>
          </div> <!-- main-panel-header rounded-window-top -->
          <div class="main-panel-content rounded-window-bottom">
            <ul>
              <li>
                <span class="test-name">Chrome on Windows 10 (1 class)</span>
              </li>
              <li>
                <span class="test-name">Edge on macOS Ventura (1 class)</span>
              </li>
              <li>
                <span class="test-name">Internet Explorer on Windows 10 (1 class)</span>
              </li>
              <li>
                <span class="test-name">Firefox on Windows 11 (1 class)</span>
              </li>
            </ul>
          </div> <!-- main-panel-content rounded-window-bottom -->
        </div> <!-- panel -->
        <div panel-name="group-LT_TestNG" class="panel">
          <div class="main-panel-header rounded-window-top">
            <span class="header-content">Groups for LT_TestNG</span>
          </div> <!-- main-panel-header rounded-window-top -->
          <div class="main-panel-content rounded-window-bottom">
          </div> <!-- main-panel-content rounded-window-bottom -->
        </div> <!-- panel -->
        <div panel-name="times-LT_TestNG" class="panel">
          <div class="main-panel-header rounded-window-top">
            <span class="header-content">Times for LT_TestNG</span>
          </div> <!-- main-panel-header rounded-window-top -->
          <div class="main-panel-content rounded-window-bottom">
            <div class="times-div">
              <script type="text/javascript">
suiteTableInitFunctions.push('tableData_LT_TestNG');
function tableData_LT_TestNG() {
var data = new google.visualization.DataTable();
data.addColumn('number', 'Number');
data.addColumn('string', 'Method');
data.addColumn('string', 'Class');
data.addColumn('number', 'Time (ms)');
data.addRows(12);
data.setCell(0, 0, 0)
data.setCell(0, 1, 'Scenario3')
data.setCell(0, 2, 'LambdaTest.LT_TestNG.window_10_FFox_TNg')
data.setCell(0, 3, 8701);
data.setCell(1, 0, 1)
data.setCell(1, 1, 'Scenario3')
data.setCell(1, 2, 'LambdaTest.LT_TestNG.windows_10_IE_TNg')
data.setCell(1, 3, 5837);
data.setCell(2, 0, 2)
data.setCell(2, 1, 'Scenario2')
data.setCell(2, 2, 'LambdaTest.LT_TestNG.windows_10_IE_TNg')
data.setCell(2, 3, 5529);
data.setCell(3, 0, 3)
data.setCell(3, 1, 'Scenario2')
data.setCell(3, 2, 'LambdaTest.LT_TestNG.window_10_FFox_TNg')
data.setCell(3, 3, 5171);
data.setCell(4, 0, 4)
data.setCell(4, 1, 'Scenario1')
data.setCell(4, 2, 'LambdaTest.LT_TestNG.window_10_FFox_TNg')
data.setCell(4, 3, 5039);
data.setCell(5, 0, 5)
data.setCell(5, 1, 'Scenario3')
data.setCell(5, 2, 'LambdaTest.LT_TestNG.window_10_Chrome_TNg')
data.setCell(5, 3, 5017);
data.setCell(6, 0, 6)
data.setCell(6, 1, 'Scenario3')
data.setCell(6, 2, 'LambdaTest.LT_TestNG.mac_Edge_TNg')
data.setCell(6, 3, 4994);
data.setCell(7, 0, 7)
data.setCell(7, 1, 'Scenario1')
data.setCell(7, 2, 'LambdaTest.LT_TestNG.window_10_Chrome_TNg')
data.setCell(7, 3, 4807);
data.setCell(8, 0, 8)
data.setCell(8, 1, 'Scenario1')
data.setCell(8, 2, 'LambdaTest.LT_TestNG.windows_10_IE_TNg')
data.setCell(8, 3, 4775);
data.setCell(9, 0, 9)
data.setCell(9, 1, 'Scenario2')
data.setCell(9, 2, 'LambdaTest.LT_TestNG.mac_Edge_TNg')
data.setCell(9, 3, 4443);
data.setCell(10, 0, 10)
data.setCell(10, 1, 'Scenario1')
data.setCell(10, 2, 'LambdaTest.LT_TestNG.mac_Edge_TNg')
data.setCell(10, 3, 4140);
data.setCell(11, 0, 11)
data.setCell(11, 1, 'Scenario2')
data.setCell(11, 2, 'LambdaTest.LT_TestNG.window_10_Chrome_TNg')
data.setCell(11, 3, 3840);
window.suiteTableData['LT_TestNG']= { tableData: data, tableDiv: 'times-div-LT_TestNG'}
return data;
}
              </script>
              <span class="suite-total-time">Total running time: 1 minutes</span>
              <div id="times-div-LT_TestNG">
              </div> <!-- times-div-LT_TestNG -->
            </div> <!-- times-div -->
          </div> <!-- main-panel-content rounded-window-bottom -->
        </div> <!-- panel -->
        <div panel-name="reporter-LT_TestNG" class="panel">
          <div class="main-panel-header rounded-window-top">
            <span class="header-content">Reporter output for LT_TestNG</span>
          </div> <!-- main-panel-header rounded-window-top -->
          <div class="main-panel-content rounded-window-bottom">
          </div> <!-- main-panel-content rounded-window-bottom -->
        </div> <!-- panel -->
        <div panel-name="ignored-methods-LT_TestNG" class="panel">
          <div class="main-panel-header rounded-window-top">
            <span class="header-content">0 ignored methods</span>
          </div> <!-- main-panel-header rounded-window-top -->
          <div class="main-panel-content rounded-window-bottom">
          </div> <!-- main-panel-content rounded-window-bottom -->
        </div> <!-- panel -->
        <div panel-name="chronological-LT_TestNG" class="panel">
          <div class="main-panel-header rounded-window-top">
            <span class="header-content">Methods in chronological order</span>
          </div> <!-- main-panel-header rounded-window-top -->
          <div class="main-panel-content rounded-window-bottom">
            <div class="chronological-class">
              <div class="chronological-class-name">LambdaTest.LT_TestNG.window_10_Chrome_TNg</div> <!-- chronological-class-name -->
              <div class="configuration-method before">
                <span class="method-name">setUp(128.0, Windows 10, rushikute955, LT_O2OjcCAXtn89PMHftECoQ0iQhG8Fd5Xaf5ZsZ0rVywVChTk)</span>
                <span class="method-start">0 ms</span>
              </div> <!-- configuration-method before -->
            </div> <!-- chronological-class -->
            <div class="chronological-class">
              <div class="chronological-class-name">LambdaTest.LT_TestNG.mac_Edge_TNg</div> <!-- chronological-class-name -->
              <div class="configuration-method before">
                <span class="method-name">setUp(127.0, macOS Ventura, rushikute955, LT_O2OjcCAXtn89PMHftECoQ0iQhG8Fd5Xaf5ZsZ0rVywVChTk)</span>
                <span class="method-start">0 ms</span>
              </div> <!-- configuration-method before -->
            </div> <!-- chronological-class -->
            <div class="chronological-class">
              <div class="chronological-class-name">LambdaTest.LT_TestNG.windows_10_IE_TNg</div> <!-- chronological-class-name -->
              <div class="configuration-method before">
                <span class="method-name">setUp(11, Windows 10, rushikute955, LT_O2OjcCAXtn89PMHftECoQ0iQhG8Fd5Xaf5ZsZ0rVywVChTk)</span>
                <span class="method-start">0 ms</span>
              </div> <!-- configuration-method before -->
            </div> <!-- chronological-class -->
            <div class="chronological-class">
              <div class="chronological-class-name">LambdaTest.LT_TestNG.window_10_FFox_TNg</div> <!-- chronological-class-name -->
              <div class="configuration-method before">
                <span class="method-name">setUp(130, Windows 11, rushikute955, LT_O2OjcCAXtn89PMHftECoQ0iQhG8Fd5Xaf5ZsZ0rVywVChTk)</span>
                <span class="method-start">0 ms</span>
              </div> <!-- configuration-method before -->
            </div> <!-- chronological-class -->
            <div class="chronological-class">
              <div class="chronological-class-name">LambdaTest.LT_TestNG.window_10_Chrome_TNg</div> <!-- chronological-class-name -->
              <div class="test-method">
                <img src="failed.png">
                </img>
                <span class="method-name">Scenario1</span>
                <span class="method-start">13853 ms</span>
              </div> <!-- test-method -->
            </div> <!-- chronological-class -->
            <div class="chronological-class">
              <div class="chronological-class-name">LambdaTest.LT_TestNG.window_10_FFox_TNg</div> <!-- chronological-class-name -->
              <div class="test-method">
                <img src="failed.png">
                </img>
                <span class="method-name">Scenario1</span>
                <span class="method-start">16958 ms</span>
              </div> <!-- test-method -->
            </div> <!-- chronological-class -->
            <div class="chronological-class">
              <div class="chronological-class-name">LambdaTest.LT_TestNG.window_10_Chrome_TNg</div> <!-- chronological-class-name -->
              <div class="configuration-method after">
                <span class="method-name">tearDown</span>
                <span class="method-start">18664 ms</span>
              </div> <!-- configuration-method after -->
              <div class="configuration-method before">
                <span class="method-name">setUp(128.0, Windows 10, rushikute955, LT_O2OjcCAXtn89PMHftECoQ0iQhG8Fd5Xaf5ZsZ0rVywVChTk)</span>
                <span class="method-start">18832 ms</span>
              </div> <!-- configuration-method before -->
            </div> <!-- chronological-class -->
            <div class="chronological-class">
              <div class="chronological-class-name">LambdaTest.LT_TestNG.window_10_FFox_TNg</div> <!-- chronological-class-name -->
              <div class="configuration-method after">
                <span class="method-name">tearDown</span>
                <span class="method-start">21999 ms</span>
              </div> <!-- configuration-method after -->
              <div class="configuration-method before">
                <span class="method-name">setUp(130, Windows 11, rushikute955, LT_O2OjcCAXtn89PMHftECoQ0iQhG8Fd5Xaf5ZsZ0rVywVChTk)</span>
                <span class="method-start">23187 ms</span>
              </div> <!-- configuration-method before -->
            </div> <!-- chronological-class -->
            <div class="chronological-class">
              <div class="chronological-class-name">LambdaTest.LT_TestNG.mac_Edge_TNg</div> <!-- chronological-class-name -->
              <div class="test-method">
                <img src="failed.png">
                </img>
                <span class="method-name">Scenario1</span>
                <span class="method-start">27800 ms</span>
              </div> <!-- test-method -->
              <div class="configuration-method after">
                <span class="method-name">tearDown</span>
                <span class="method-start">31943 ms</span>
              </div> <!-- configuration-method after -->
              <div class="configuration-method before">
                <span class="method-name">setUp(127.0, macOS Ventura, rushikute955, LT_O2OjcCAXtn89PMHftECoQ0iQhG8Fd5Xaf5ZsZ0rVywVChTk)</span>
                <span class="method-start">32079 ms</span>
              </div> <!-- configuration-method before -->
            </div> <!-- chronological-class -->
            <div class="chronological-class">
              <div class="chronological-class-name">LambdaTest.LT_TestNG.window_10_Chrome_TNg</div> <!-- chronological-class-name -->
              <div class="test-method">
                <img src="failed.png">
                </img>
                <span class="method-name">Scenario2</span>
                <span class="method-start">36601 ms</span>
              </div> <!-- test-method -->
            </div> <!-- chronological-class -->
            <div class="chronological-class">
              <div class="chronological-class-name">LambdaTest.LT_TestNG.windows_10_IE_TNg</div> <!-- chronological-class-name -->
              <div class="test-method">
                <img src="failed.png">
                </img>
                <span class="method-name">Scenario1</span>
                <span class="method-start">37931 ms</span>
              </div> <!-- test-method -->
            </div> <!-- chronological-class -->
            <div class="chronological-class">
              <div class="chronological-class-name">LambdaTest.LT_TestNG.window_10_Chrome_TNg</div> <!-- chronological-class-name -->
              <div class="configuration-method after">
                <span class="method-name">tearDown</span>
                <span class="method-start">40443 ms</span>
              </div> <!-- configuration-method after -->
              <div class="configuration-method before">
                <span class="method-name">setUp(128.0, Windows 10, rushikute955, LT_O2OjcCAXtn89PMHftECoQ0iQhG8Fd5Xaf5ZsZ0rVywVChTk)</span>
                <span class="method-start">40612 ms</span>
              </div> <!-- configuration-method before -->
            </div> <!-- chronological-class -->
            <div class="chronological-class">
              <div class="chronological-class-name">LambdaTest.LT_TestNG.windows_10_IE_TNg</div> <!-- chronological-class-name -->
              <div class="configuration-method after">
                <span class="method-name">tearDown</span>
                <span class="method-start">42708 ms</span>
              </div> <!-- configuration-method after -->
              <div class="configuration-method before">
                <span class="method-name">setUp(11, Windows 10, rushikute955, LT_O2OjcCAXtn89PMHftECoQ0iQhG8Fd5Xaf5ZsZ0rVywVChTk)</span>
                <span class="method-start">42808 ms</span>
              </div> <!-- configuration-method before -->
            </div> <!-- chronological-class -->
            <div class="chronological-class">
              <div class="chronological-class-name">LambdaTest.LT_TestNG.mac_Edge_TNg</div> <!-- chronological-class-name -->
              <div class="test-method">
                <img src="failed.png">
                </img>
                <span class="method-name">Scenario2</span>
                <span class="method-start">53113 ms</span>
              </div> <!-- test-method -->
            </div> <!-- chronological-class -->
            <div class="chronological-class">
              <div class="chronological-class-name">LambdaTest.LT_TestNG.window_10_FFox_TNg</div> <!-- chronological-class-name -->
              <div class="test-method">
                <img src="failed.png">
                </img>
                <span class="method-name">Scenario2</span>
                <span class="method-start">57457 ms</span>
              </div> <!-- test-method -->
            </div> <!-- chronological-class -->
            <div class="chronological-class">
              <div class="chronological-class-name">LambdaTest.LT_TestNG.mac_Edge_TNg</div> <!-- chronological-class-name -->
              <div class="configuration-method after">
                <span class="method-name">tearDown</span>
                <span class="method-start">57560 ms</span>
              </div> <!-- configuration-method after -->
              <div class="configuration-method before">
                <span class="method-name">setUp(127.0, macOS Ventura, rushikute955, LT_O2OjcCAXtn89PMHftECoQ0iQhG8Fd5Xaf5ZsZ0rVywVChTk)</span>
                <span class="method-start">57707 ms</span>
              </div> <!-- configuration-method before -->
            </div> <!-- chronological-class -->
            <div class="chronological-class">
              <div class="chronological-class-name">LambdaTest.LT_TestNG.window_10_FFox_TNg</div> <!-- chronological-class-name -->
              <div class="configuration-method after">
                <span class="method-name">tearDown</span>
                <span class="method-start">62630 ms</span>
              </div> <!-- configuration-method after -->
              <div class="configuration-method before">
                <span class="method-name">setUp(130, Windows 11, rushikute955, LT_O2OjcCAXtn89PMHftECoQ0iQhG8Fd5Xaf5ZsZ0rVywVChTk)</span>
                <span class="method-start">63829 ms</span>
              </div> <!-- configuration-method before -->
            </div> <!-- chronological-class -->
            <div class="chronological-class">
              <div class="chronological-class-name">LambdaTest.LT_TestNG.windows_10_IE_TNg</div> <!-- chronological-class-name -->
              <div class="test-method">
                <img src="failed.png">
                </img>
                <span class="method-name">Scenario2</span>
                <span class="method-start">69229 ms</span>
              </div> <!-- test-method -->
              <div class="configuration-method after">
                <span class="method-name">tearDown</span>
                <span class="method-start">74760 ms</span>
              </div> <!-- configuration-method after -->
              <div class="configuration-method before">
                <span class="method-name">setUp(11, Windows 10, rushikute955, LT_O2OjcCAXtn89PMHftECoQ0iQhG8Fd5Xaf5ZsZ0rVywVChTk)</span>
                <span class="method-start">74913 ms</span>
              </div> <!-- configuration-method before -->
            </div> <!-- chronological-class -->
            <div class="chronological-class">
              <div class="chronological-class-name">LambdaTest.LT_TestNG.window_10_Chrome_TNg</div> <!-- chronological-class-name -->
              <div class="test-method">
                <span class="method-name">Scenario3</span>
                <span class="method-start">79685 ms</span>
              </div> <!-- test-method -->
              <div class="configuration-method after">
                <span class="method-name">tearDown</span>
                <span class="method-start">84703 ms</span>
              </div> <!-- configuration-method after -->
            </div> <!-- chronological-class -->
            <div class="chronological-class">
              <div class="chronological-class-name">LambdaTest.LT_TestNG.mac_Edge_TNg</div> <!-- chronological-class-name -->
              <div class="test-method">
                <span class="method-name">Scenario3</span>
                <span class="method-start">86864 ms</span>
              </div> <!-- test-method -->
              <div class="configuration-method after">
                <span class="method-name">tearDown</span>
                <span class="method-start">91859 ms</span>
              </div> <!-- configuration-method after -->
            </div> <!-- chronological-class -->
            <div class="chronological-class">
              <div class="chronological-class-name">LambdaTest.LT_TestNG.window_10_FFox_TNg</div> <!-- chronological-class-name -->
              <div class="test-method">
                <span class="method-name">Scenario3</span>
                <span class="method-start">98926 ms</span>
              </div> <!-- test-method -->
            </div> <!-- chronological-class -->
            <div class="chronological-class">
              <div class="chronological-class-name">LambdaTest.LT_TestNG.windows_10_IE_TNg</div> <!-- chronological-class-name -->
              <div class="test-method">
                <img src="failed.png">
                </img>
                <span class="method-name">Scenario3</span>
                <span class="method-start">106848 ms</span>
              </div> <!-- test-method -->
            </div> <!-- chronological-class -->
            <div class="chronological-class">
              <div class="chronological-class-name">LambdaTest.LT_TestNG.window_10_FFox_TNg</div> <!-- chronological-class-name -->
              <div class="configuration-method after">
                <span class="method-name">tearDown</span>
                <span class="method-start">107627 ms</span>
              </div> <!-- configuration-method after -->
            </div> <!-- chronological-class -->
            <div class="chronological-class">
              <div class="chronological-class-name">LambdaTest.LT_TestNG.windows_10_IE_TNg</div> <!-- chronological-class-name -->
              <div class="configuration-method after">
                <span class="method-name">tearDown</span>
                <span class="method-start">112687 ms</span>
              </div> <!-- configuration-method after -->
          </div> <!-- main-panel-content rounded-window-bottom -->
        </div> <!-- panel -->
      </div> <!-- main-panel-root -->
    </div> <!-- wrapper -->
  </body>
<script type="text/javascript" src="testng-reports2.js"></script>
</html>
